C51 COMPILER V9.60.7.0   MAIN                                                              06/06/2024 17:04:35 PAGE 1   


C51 COMPILER V9.60.7.0, COMPILATION OF MODULE MAIN
OBJECT MODULE PLACED IN .\Release\Objects\main.obj
COMPILER INVOKED BY: C:\Keil_v5\C51\BIN\C51.EXE ..\..\User\main.c LARGE OPTIMIZE(8,SIZE) BROWSE INTVECTOR(0X000C) INCDIR
                    -(..\..\Libraries\Include;..\..\User;..\..\User\lib;..\..\Hardware;..\..\Lowpower) INTERVAL(3) DEBUG OBJECTEXTEND PRINT(.
                    -\Release\Listings\main.lst) TABS(2) OBJECT(.\Release\Objects\main.obj)

line level    source

   1          /**
   2            ******************************************************************************
   3            * @file    main.c
   4            * @author  HUGE-IC Application Team
   5            * @version V1.0.0
   6            * @date    05-11-2022
   7            * @brief   Main program body
   8            ******************************************************************************
   9            * @attention
  10            *
  11            * <h2><center>&copy; COPYRIGHT 2021 HUGE-IC</center></h2>
  12            *
  13            * 版权说明后续补上
  14            *
  15            ******************************************************************************
  16            */ 
  17          
  18          /* Includes ------------------------------------------------------------------*/
  19          #include "include.h"
  20          
  21          /** @addtogroup Template_Project
  22            * @{
  23            */
  24            
  25          /* Private typedef -----------------------------------------------------------*/
  26          /* Private define ------------------------------------------------------------*/
  27          /* Private macro -------------------------------------------------------------*/
  28          /* Private variables ---------------------------------------------------------*/
  29          /* Private function prototypes -----------------------------------------------*/
  30          /* Private functions ---------------------------------------------------------*/
  31          
  32          /**
  33            * @brief  Main program.
  34            * @param  None
  35            * @retval None
  36            */
  37          void main(void)
  38          {
  39   1          // 看门狗默认打开, 复位时间2s
  40   1          system_init();
  41   1          
  42   1          // touchkey handle funtion
  43   1          tk_handle(); // 内部是个死循环
  44   1          
  45   1          while(1);
  46   1      }
  47          
  48          /**
  49            * @}
  50            */
  51          
  52          /*************************** (C) COPYRIGHT 2022 HUGE-IC ***** END OF FILE *****/
  53          
C51 COMPILER V9.60.7.0   MAIN                                                              06/06/2024 17:04:35 PAGE 2   



MODULE INFORMATION:   STATIC OVERLAYABLE
   CODE SIZE        =      8    ----
   CONSTANT SIZE    =   ----    ----
   XDATA SIZE       =   ----    ----
   PDATA SIZE       =   ----    ----
   DATA SIZE        =   ----    ----
   IDATA SIZE       =   ----    ----
   BIT SIZE         =   ----    ----
END OF MODULE INFORMATION.


C51 COMPILATION COMPLETE.  0 WARNING(S),  0 ERROR(S)
