C51 COMPILER V9.60.7.0   MY_GPIO                                                           06/06/2024 17:04:34 PAGE 1   


C51 COMPILER V9.60.7.0, COMPILATION OF MODULE MY_GPIO
OBJECT MODULE PLACED IN .\Release\Objects\my_gpio.obj
COMPILER INVOKED BY: C:\Keil_v5\C51\BIN\C51.EXE ..\..\Hardware\my_gpio.c LARGE OPTIMIZE(8,SIZE) BROWSE INTVECTOR(0X000C)
                    - INCDIR(..\..\Libraries\Include;..\..\User;..\..\User\lib;..\..\Hardware;..\..\Lowpower) INTERVAL(3) DEBUG OBJECTEXTEND 
                    -PRINT(.\Release\Listings\my_gpio.lst) TABS(2) OBJECT(.\Release\Objects\my_gpio.obj)

line level    source

   1          // GPIO配置的源文件
   2          #include "my_gpio.h"
   3          
   4          
   5          // 输出引脚初始化（测试用）
   6          // P1_1
   7          void output_pin_init(void)
   8          {
   9   1          P1_MD0 &= ~(GPIO_P11_MODE_SEL(0x1)); // 对应的寄存器先清零
  10   1          P1_MD0 |= GPIO_P11_MODE_SEL(0x1);    // 配置为输出模式
  11   1      
  12   1          FOUT_S11 = GPIO_FOUT_AF_FUNC; // 选择AF功能输出
  13   1      
  14   1          // 位操作
  15   1          P11 = 1;
  16   1      }
  17          
  18          /**
  19           * @brief P11配置为输出模式
  20           */
  21          void p11_output_config(void)
  22          {
  23   1          P1_MD0 &= ~(GPIO_P11_MODE_SEL(0x1)); // 对应的寄存器先清零
  24   1          P1_MD0 |= GPIO_P11_MODE_SEL(0x1);    // 配置为输出模式
  25   1      
  26   1          FOUT_S11 = GPIO_FOUT_AF_FUNC; // 选择AF功能输出
  27   1      
  28   1          P1_PU |= GPIO_P11_PULL_UP(0x01); // 内部的上拉电阻
  29   1          P1_PD |= GPIO_P11_PULL_PD(0x01); // 内部的下拉电阻
  30   1          // 配置完上下拉电阻后，这个引脚就相当于浮空状态，同时能够避免一些电路的干扰
  31   1      
  32   1          // 位操作
  33   1          P11 = 1;
  34   1      }
  35          
  36          /**
  37           * @brief P12配置为输出模式
  38           */
  39          void p12_output_config(void)
  40          {
  41   1          P1_MD0 &= ~(GPIO_P12_MODE_SEL(0x1)); // 对应的寄存器先清零
  42   1          P1_MD0 |= GPIO_P12_MODE_SEL(0x1);    // 配置为输出模式
  43   1      
  44   1          FOUT_S12 = GPIO_FOUT_AF_FUNC; // 选择AF功能输出
  45   1      
  46   1          P1_PU |= GPIO_P12_PULL_UP(0x01); // 内部的上拉电阻
  47   1          P1_PD |= GPIO_P12_PULL_PD(0x01); // 内部的下拉电阻
  48   1          // 配置完上下拉电阻后，这个引脚就相当于浮空状态，同时能够避免一些电路的干扰
  49   1      
  50   1          // 位操作
  51   1          P12 = 1;
  52   1      }
  53          
C51 COMPILER V9.60.7.0   MY_GPIO                                                           06/06/2024 17:04:34 PAGE 2   

  54          /**
  55           * @brief P01配置为输出模式
  56           *        P01在开发板是连接到了LED6的正极
  57           */
  58          void p01_output_config(void)
  59          {
  60   1          P0_MD0 &= ~(GPIO_P01_MODE_SEL(0x1)); // 对应的寄存器先清零
  61   1          P0_MD0 |= GPIO_P01_MODE_SEL(0x1);    // 配置为输出模式
  62   1      
  63   1          FOUT_S01 = GPIO_FOUT_AF_FUNC; // 选择AF功能输出
  64   1      
  65   1          P0_PU |= GPIO_P01_PULL_UP(0x01); // 内部的上拉电阻
  66   1          P0_PD |= GPIO_P01_PULL_PD(0x01); // 内部的下拉电阻
  67   1          // 配置完上下拉电阻后，这个引脚就相当于浮空状态，同时能够避免一些电路的干扰
  68   1      
  69   1          // 位操作
  70   1          P01 = 0;
  71   1      }
  72          
  73          /**
  74           * @brief P26配置为输出模式
  75           */
  76          void p26_output_config(void)
  77          {
  78   1          P2_MD1 &= ~(GPIO_P26_MODE_SEL(0x1)); // 对应的寄存器先清零
  79   1          P2_MD1 |= GPIO_P26_MODE_SEL(0x1);    // 配置为输出模式
  80   1      
  81   1          FOUT_S26 = GPIO_FOUT_AF_FUNC; // 选择AF功能输出
  82   1      
  83   1          P2_PU |= GPIO_P26_PULL_UP(0x01); // 内部的上拉电阻
  84   1          P2_PD |= GPIO_P26_PULL_PD(0x01); // 内部的下拉电阻
  85   1          // 配置完上下拉电阻后，这个引脚就相当于浮空状态，同时能够避免一些电路的干扰
  86   1      
  87   1          // 位操作
  88   1          P26 = 0;
  89   1      }
  90          
  91          // p06配置成输入上拉模式
  92          void p06_input_config(void)
  93          {
  94   1          // 配置为输入模式
  95   1          P0_MD1 &= ~(GPIO_P06_MODE_SEL(0x3));
  96   1          // 配置为上拉
  97   1          P0_PU |= (GPIO_P06_PULL_UP(0x1));
  98   1      }
  99          
 100          // p07配置成输入上拉模式
 101          void p07_input_config(void)
 102          {
 103   1          // 配置为输入模式
 104   1          P0_MD1 &= ~(GPIO_P07_MODE_SEL(0x3));
 105   1          // 配置为上拉
 106   1          P0_PU |= (GPIO_P07_PULL_UP(0x1));
 107   1      }
 108          
 109          // p10配置成输入上拉模式
 110          void p10_input_config(void)
 111          {
 112   1          // 配置为输入模式
 113   1          P1_MD0 &= ~(GPIO_P10_MODE_SEL(0x3));
 114   1          // 配置为上拉
 115   1          P1_PU |= (GPIO_P10_PULL_UP(0x1));
C51 COMPILER V9.60.7.0   MY_GPIO                                                           06/06/2024 17:04:34 PAGE 3   

 116   1      }
 117          
 118          // p13配置成输入上拉模式
 119          void p13_input_config(void)
 120          {
 121   1          // 配置为输入模式
 122   1          P1_MD0 &= ~(GPIO_P13_MODE_SEL(0x3));
 123   1          // 配置为上拉
 124   1          P1_PU |= (GPIO_P13_PULL_UP(0x1));
 125   1      }
 126          
 127          // p14配置成输入上拉模式
 128          void p14_input_config(void)
 129          {
 130   1          // 配置为输入模式
 131   1          P1_MD1 &= ~(GPIO_P14_MODE_SEL(0x3));
 132   1          // 配置为上拉
 133   1          P1_PU |= (GPIO_P14_PULL_UP(0x1));
 134   1      }
 135          
 136          // p17配置成输入上拉模式
 137          void p17_input_config(void)
 138          {
 139   1          // 配置为输入模式
 140   1          P1_MD1 &= ~(GPIO_P17_MODE_SEL(0x3));
 141   1          // 配置为上拉
 142   1          P1_PU |= (GPIO_P17_PULL_UP(0x1));
 143   1      }
 144          
 145          // p21配置成输入上拉模式
 146          void p21_input_config(void)
 147          {
 148   1          // 配置为输入模式
 149   1          P2_MD0 &= ~(GPIO_P21_MODE_SEL(0x3));
 150   1          // 配置为上拉
 151   1          P2_PU |= (GPIO_P21_PULL_UP(0x1));
 152   1      }
 153          
 154          // p22配置成输入上拉模式
 155          void p22_input_config(void)
 156          {
 157   1          // 配置为输入模式
 158   1          P2_MD0 &= ~(GPIO_P22_MODE_SEL(0x3));
 159   1          // 配置为上拉
 160   1          P2_PU |= (GPIO_P22_PULL_UP(0x1));
 161   1      }
 162          
 163          // p23配置成输入上拉模式
 164          void p23_input_config(void)
 165          {
 166   1          // 配置为输入模式
 167   1          P2_MD0 &= ~(GPIO_P23_MODE_SEL(0x3));
 168   1          // 配置为上拉
 169   1          P2_PU |= (GPIO_P23_PULL_UP(0x1));
 170   1      }
 171          
 172          // P30配置成输入上拉模式
 173          void p30_input_config(void)
 174          {
 175   1          // 配置为输入模式
 176   1          P3_MD0 &= ~(GPIO_P30_MODE_SEL(0x3));
 177   1          // 配置为上拉
C51 COMPILER V9.60.7.0   MY_GPIO                                                           06/06/2024 17:04:34 PAGE 4   

 178   1          P3_PU |= (GPIO_P30_PULL_UP(0x1));
 179   1      }
 180          
 181          // P31配置成输入上拉模式
 182          void p31_input_config(void)
 183          {
 184   1          // 配置为输入模式
 185   1          P3_MD0 &= ~(GPIO_P31_MODE_SEL(0x3));
 186   1          // 配置为上拉
 187   1          P3_PU |= (GPIO_P31_PULL_UP(0x1));
 188   1      }
 189          
 190          
 191          


MODULE INFORMATION:   STATIC OVERLAYABLE
   CODE SIZE        =    277    ----
   CONSTANT SIZE    =   ----    ----
   XDATA SIZE       =   ----    ----
   PDATA SIZE       =   ----    ----
   DATA SIZE        =   ----    ----
   IDATA SIZE       =   ----    ----
   BIT SIZE         =   ----    ----
END OF MODULE INFORMATION.


C51 COMPILATION COMPLETE.  0 WARNING(S),  0 ERROR(S)
