C51 COMPILER V9.60.7.0   MY_GPIO                                                           12/09/2024 15:08:46 PAGE 1   


C51 COMPILER V9.60.7.0, COMPILATION OF MODULE MY_GPIO
OBJECT MODULE PLACED IN .\Release\Objects\my_gpio.obj
COMPILER INVOKED BY: C:\Keil_v5\C51\BIN\C51.EXE ..\..\Hardware\my_gpio.c LARGE OPTIMIZE(8,SIZE) BROWSE INTVECTOR(0X000C)
                    - INCDIR(..\..\Libraries\Include;..\..\User;..\..\User\lib;..\..\Hardware;..\..\Lowpower) INTERVAL(3) DEBUG OBJECTEXTEND 
                    -PRINT(.\Release\Listings\my_gpio.lst) OBJECT(.\Release\Objects\my_gpio.obj)

line level    source

   1          // GPIO配置的源文件
   2          #include "my_gpio.h"
   3          
   4          
   5          // 输出引脚初始化（测试用）
   6          // P1_1
   7          void output_pin_init(void)
   8          {
   9   1          P1_MD0 &= ~(GPIO_P11_MODE_SEL(0x1)); // 对应的寄存器先清零
  10   1          P1_MD0 |= GPIO_P11_MODE_SEL(0x1);    // 配置为输出模式
  11   1      
  12   1          FOUT_S11 = GPIO_FOUT_AF_FUNC; // 选择AF功能输出
  13   1      
  14   1          // 位操作
  15   1          P11 = 1;
  16   1      }
  17          
  18          /**
  19           * @brief P11配置为输出模式
  20           */
  21          void p11_output_config(void)
  22          {
  23   1          P1_MD0 &= ~(GPIO_P11_MODE_SEL(0x1)); // 对应的寄存器先清零
  24   1          P1_MD0 |= GPIO_P11_MODE_SEL(0x1);    // 配置为输出模式
  25   1          FOUT_S11 = GPIO_FOUT_AF_FUNC; // 选择AF功能输出
  26   1          // 位操作
  27   1          P11 = 0;
  28   1      }
  29          
  30          /**
  31           * @brief P12配置为输出模式
  32           */
  33          void p12_output_config(void)
  34          {
  35   1          P1_MD0 &= ~(GPIO_P12_MODE_SEL(0x1)); // 对应的寄存器先清零
  36   1          P1_MD0 |= GPIO_P12_MODE_SEL(0x1);    // 配置为输出模式
  37   1      
  38   1          FOUT_S12 = GPIO_FOUT_AF_FUNC; // 选择AF功能输出
  39   1       
  40   1      
  41   1          // 位操作
  42   1          P12 = 1;
  43   1      }
  44          
  45          /**
  46           * @brief P01配置为输出模式
  47           *        P01在开发板是连接到了LED6的正极
  48           */
  49          void p01_output_config(void)
  50          {
  51   1          P0_MD0 &= ~(GPIO_P01_MODE_SEL(0x1)); // 对应的寄存器先清零
  52   1          P0_MD0 |= GPIO_P01_MODE_SEL(0x1);    // 配置为输出模式
  53   1      
C51 COMPILER V9.60.7.0   MY_GPIO                                                           12/09/2024 15:08:46 PAGE 2   

  54   1          FOUT_S01 = GPIO_FOUT_AF_FUNC; // 选择AF功能输出
  55   1      
  56   1         
  57   1          // 位操作
  58   1          P01 = 0;
  59   1      }
  60          
  61          /**
  62           * @brief P24配置为输出模式
  63           */
  64          void p24_output_config(void)
  65          {
  66   1          P2_MD1 &= ~(GPIO_P24_MODE_SEL(0x1)); // 对应的寄存器先清零
  67   1          P2_MD1 |= GPIO_P24_MODE_SEL(0x1);    // 配置为输出模式
  68   1      
  69   1          FOUT_S24 = GPIO_FOUT_AF_FUNC; // 选择AF功能输出
  70   1       
  71   1          // 位操作
  72   1          P24 = 0;
  73   1      }
  74          
  75          /**
  76           * @brief P26配置为输出模式
  77           */
  78          void p26_output_config(void)
  79          {
  80   1          P2_MD1 &= ~(GPIO_P26_MODE_SEL(0x1)); // 对应的寄存器先清零
  81   1          P2_MD1 |= GPIO_P26_MODE_SEL(0x1);    // 配置为输出模式
  82   1      
  83   1          FOUT_S26 = GPIO_FOUT_AF_FUNC; // 选择AF功能输出
  84   1      
  85   1        
  86   1          // 位操作
  87   1          P26 = 0;
  88   1      }
  89          
  90          // p06配置成输入上拉模式
  91          void p06_input_config(void)
  92          {
  93   1          // 配置为输入模式
  94   1          P0_MD1 &= ~(GPIO_P06_MODE_SEL(0x3));
  95   1          // 配置为上拉
  96   1          P0_PU |= (GPIO_P06_PULL_UP(0x1));
  97   1      }
  98          
  99          // p07配置成输入上拉模式
 100          void p07_input_config(void)
 101          {
 102   1          // 配置为输入模式
 103   1          P0_MD1 &= ~(GPIO_P07_MODE_SEL(0x3));
 104   1          // 配置为上拉
 105   1          P0_PU |= (GPIO_P07_PULL_UP(0x1));
 106   1      }
 107          
 108          // p10配置成输入上拉模式
 109          void p10_input_config(void)
 110          {
 111   1          // 配置为输入模式
 112   1          P1_MD0 &= ~(GPIO_P10_MODE_SEL(0x3));
 113   1          // 配置为上拉
 114   1          P1_PU |= (GPIO_P10_PULL_UP(0x1));
 115   1      }
C51 COMPILER V9.60.7.0   MY_GPIO                                                           12/09/2024 15:08:46 PAGE 3   

 116          
 117          // p13配置成输入上拉模式
 118          void p13_input_config(void)
 119          {
 120   1          // 配置为输入模式
 121   1          P1_MD0 &= ~(GPIO_P13_MODE_SEL(0x3));
 122   1          // 配置为上拉
 123   1          P1_PU |= (GPIO_P13_PULL_UP(0x1));
 124   1      }
 125          
 126          // p14配置成输入上拉模式
 127          void p14_input_config(void)
 128          {
 129   1          // 配置为输入模式
 130   1          P1_MD1 &= ~(GPIO_P14_MODE_SEL(0x3));
 131   1          // 配置为上拉
 132   1          P1_PU |= (GPIO_P14_PULL_UP(0x1));
 133   1      }
 134          
 135          // p17配置成输入上拉模式
 136          void p17_input_config(void)
 137          {
 138   1          // 配置为输入模式
 139   1          P1_MD1 &= ~(GPIO_P17_MODE_SEL(0x3));
 140   1          // 配置为上拉
 141   1          P1_PU |= (GPIO_P17_PULL_UP(0x1));
 142   1      }
 143          
 144          // p21配置成输入上拉模式
 145          void p21_input_config(void)
 146          {
 147   1          // 配置为输入模式
 148   1          P2_MD0 &= ~(GPIO_P21_MODE_SEL(0x3));
 149   1          // 配置为上拉
 150   1          P2_PU |= (GPIO_P21_PULL_UP(0x1));
 151   1      }
 152          
 153          // p22配置成输入上拉模式
 154          void p22_input_config(void)
 155          {
 156   1          // 配置为输入模式
 157   1          P2_MD0 &= ~(GPIO_P22_MODE_SEL(0x3));
 158   1          // 配置为上拉
 159   1          P2_PU |= (GPIO_P22_PULL_UP(0x1));
 160   1      }
 161          
 162          // p23配置成输入上拉模式
 163          void p23_input_config(void)
 164          {
 165   1          // 配置为输入模式
 166   1          P2_MD0 &= ~(GPIO_P23_MODE_SEL(0x3));
 167   1          // 配置为上拉
 168   1          P2_PU |= (GPIO_P23_PULL_UP(0x1));
 169   1      }
 170          
 171          // P30配置成输入上拉模式
 172          void p30_input_config(void)
 173          {
 174   1          // 配置为输入模式
 175   1          P3_MD0 &= ~(GPIO_P30_MODE_SEL(0x3));
 176   1          // 配置为上拉
 177   1          P3_PU |= (GPIO_P30_PULL_UP(0x1));
C51 COMPILER V9.60.7.0   MY_GPIO                                                           12/09/2024 15:08:46 PAGE 4   

 178   1      }
 179          
 180          // P31配置成输入上拉模式
 181          void p31_input_config(void)
 182          {
 183   1          // 配置为输入模式
 184   1          P3_MD0 &= ~(GPIO_P31_MODE_SEL(0x3));
 185   1          // 配置为上拉
 186   1          P3_PU |= (GPIO_P31_PULL_UP(0x1));
 187   1      }
 188          
 189          
 190          


MODULE INFORMATION:   STATIC OVERLAYABLE
   CODE SIZE        =    251    ----
   CONSTANT SIZE    =   ----    ----
   XDATA SIZE       =   ----    ----
   PDATA SIZE       =   ----    ----
   DATA SIZE        =   ----    ----
   IDATA SIZE       =   ----    ----
   BIT SIZE         =   ----    ----
END OF MODULE INFORMATION.


C51 COMPILATION COMPLETE.  0 WARNING(S),  0 ERROR(S)
