C51 COMPILER V9.60.7.0   STOP_MODE                                                         06/06/2024 17:04:34 PAGE 1   


C51 COMPILER V9.60.7.0, COMPILATION OF MODULE STOP_MODE
OBJECT MODULE PLACED IN .\Release\Objects\stop_mode.obj
COMPILER INVOKED BY: C:\Keil_v5\C51\BIN\C51.EXE ..\..\Lowpower\stop_mode.c LARGE OPTIMIZE(8,SIZE) BROWSE INTVECTOR(0X000
                    -C) INCDIR(..\..\Libraries\Include;..\..\User;..\..\User\lib;..\..\Hardware;..\..\Lowpower) INTERVAL(3) DEBUG OBJECTEXTEN
                    -D PRINT(.\Release\Listings\stop_mode.lst) TABS(2) OBJECT(.\Release\Objects\stop_mode.obj)

line level    source

   1          #include "stop_mode.h"
   2          
   3          #if USE_STOP_MODE // 使用stop停止模式
   4          
   5          void stop_mode_config(void)
   6          {
   7   1          // P17是烧录引脚，没调用IO_MAP关闭烧录功能情况下需要将此引脚上拉
   8   1          P1_PU |= GPIO_P17_PULL_UP(0x1);
   9   1      
  10   1          // 配置P25为输入下拉
  11   1          P2_MD1 &= ~GPIO_P25_MODE_SEL(0x3); // 配置P25为输入模式
  12   1          P2_PD |= GPIO_P25_PULL_PD(0x1);    // 配置P25为下拉
  13   1          P2_IMK |= GPIO_P25_IRQ_MASK(0x1);  // 使能P25的中断
  14   1          P2_TRG1 &= ~GPIO_P25_TRG_SEL(0x3); // 配置P25的上升沿触发
  15   1          P2_TRG1 |= GPIO_P25_TRG_SEL(0x2);
  16   1          FIN_S10 = GPIO_FIN_SEL_P25; // 配置P25为通道0输入唤醒端口
  17   1      
  18   1          __SetIRQnIP(P2_IRQn, P2_IQn_CFG); // 设置中断优先级
  19   1          __EnableIRQ(P2_IRQn);             // 使能P2中断
  20   1          IE_EA = 1;                        // 使能总开关
  21   1      
  22   1          // LP_WKPND = LP_WKUP_0_PCLR(0x1);  // 清除唤醒标志位
  23   1          // LP_WKCON = (LP_WKUP_0_EDG(0x0) | // 通道0高电平触发唤醒
  24   1          //             LP_WKUP_0_EN(0x1));  // 唤醒通道0使能
  25   1      
  26   1          CLK_CON0 &= ~CLK_SYSCLK_SEL(0x3);  // 系统时钟选择rc64k
  27   1          CLK_ACON0 &= ~CLK_AIP_HRC_EN(0x1); // 关闭HRC时钟
  28   1          LP_CON |= LP_STOP_EN(0x1);         // 进入Stop低功耗模式
  29   1      
  30   1          CLK_ACON0 |= CLK_AIP_HRC_EN(0x1); // 使能HRC时钟
  31   1          LP_WKPND |= LP_WKUP_0_PCLR(0x1);  // 清除通道0唤醒标志位
  32   1          CLK_CON0 |= CLK_SYSCLK_SEL(0x3);  // 系统时钟选择hirc_clk
  33   1      }
  34          
  35          // P2中断服务函数
  36          void P2_IRQHandler(void) interrupt P2_IRQn
  37          {
  38   1          // P0_PND寄存器写任何值都会清标志位
  39   1          u8 p2_pnd = P2_PND;
  40   1      
  41   1          // 进入中断设置IP，不可删除
  42   1          __IRQnIPnPush(P2_IRQn);
  43   1      
  44   1          // ---------------- 用户函数处理 -------------------
  45   1      
  46   1          if (p2_pnd & GPIO_P25_IRQ_PNG(0x1))
  47   1          {
  48   2          }
  49   1      
  50   1          P2_PND = p2_pnd; // 清P2中断标志位
  51   1      
  52   1          // -------------------------------------------------
  53   1      
C51 COMPILER V9.60.7.0   STOP_MODE                                                         06/06/2024 17:04:34 PAGE 2   

  54   1          // 退出中断设置IP，不可删除
  55   1          __IRQnIPnPop(P2_IRQn);
  56   1      }
  57          
  58          #endif // USE_STOP_MODE


MODULE INFORMATION:   STATIC OVERLAYABLE
   CODE SIZE        =    107    ----
   CONSTANT SIZE    =   ----    ----
   XDATA SIZE       =   ----    ----
   PDATA SIZE       =   ----    ----
   DATA SIZE        =   ----    ----
   IDATA SIZE       =   ----    ----
   BIT SIZE         =   ----    ----
END OF MODULE INFORMATION.


C51 COMPILATION COMPLETE.  0 WARNING(S),  0 ERROR(S)
